<?xml version="1.0" encoding="UTF-8"?>
<coverage generated="1575088128">
  <project timestamp="1575088128">
    <package name="BluaBlue">
      <file name="C:\xampp\htdocs\blua-blue-php-sdk\src\Client.php">
        <class name="BluaBlue\Client" namespace="BluaBlue">
          <metrics complexity="12" methods="5" coveredmethods="1" conditionals="0" coveredconditionals="0" statements="31" coveredstatements="9" elements="36" coveredelements="10"/>
        </class>
        <line num="20" type="method" name="__construct" complexity="1" crap="2" count="0"/>
        <line num="22" type="stmt" count="0"/>
        <line num="23" type="stmt" count="0"/>
        <line num="24" type="stmt" count="0"/>
        <line num="25" type="stmt" count="0"/>
        <line num="26" type="stmt" count="0"/>
        <line num="27" type="stmt" count="0"/>
        <line num="29" type="stmt" count="0"/>
        <line num="30" type="stmt" count="0"/>
        <line num="32" type="method" name="getArticleList" complexity="3" crap="3.58" count="1"/>
        <line num="34" type="stmt" count="1"/>
        <line num="36" type="stmt" count="1"/>
        <line num="38" type="stmt" count="1"/>
        <line num="41" type="stmt" count="0"/>
        <line num="42" type="stmt" count="0"/>
        <line num="47" type="method" name="getArticle" complexity="3" crap="3.33" count="2"/>
        <line num="49" type="stmt" count="2"/>
        <line num="50" type="stmt" count="2"/>
        <line num="52" type="stmt" count="2"/>
        <line num="54" type="stmt" count="2"/>
        <line num="57" type="stmt" count="0"/>
        <line num="58" type="stmt" count="0"/>
        <line num="62" type="method" name="authenticate" visibility="private" complexity="4" crap="20" count="0"/>
        <line num="66" type="stmt" count="0"/>
        <line num="68" type="stmt" count="0"/>
        <line num="69" type="stmt" count="0"/>
        <line num="72" type="stmt" count="0"/>
        <line num="73" type="stmt" count="0"/>
        <line num="75" type="stmt" count="0"/>
        <line num="76" type="stmt" count="0"/>
        <line num="78" type="stmt" count="0"/>
        <line num="79" type="stmt" count="0"/>
        <line num="81" type="stmt" count="0"/>
        <line num="84" type="method" name="retrieveResult" visibility="private" complexity="1" crap="1" count="3"/>
        <line num="86" type="stmt" count="3"/>
        <line num="87" type="stmt" count="3"/>
        <metrics loc="90" ncloc="90" classes="1" methods="5" coveredmethods="1" conditionals="0" coveredconditionals="0" statements="31" coveredstatements="9" elements="36" coveredelements="10"/>
      </file>
    </package>
    <metrics files="1" loc="90" ncloc="90" classes="1" methods="5" coveredmethods="1" conditionals="0" coveredconditionals="0" statements="31" coveredstatements="9" elements="36" coveredelements="10"/>
  </project>
</coverage>
