<?xml version="1.0" encoding="UTF-8"?>
<coverage generated="1635803967">
  <project timestamp="1635803967">
    <file name="C:\xampp\htdocs\blua-blue-php-sdk\src\Article.php">
      <class name="BluaBlue\Article" namespace="global">
        <metrics complexity="46" methods="36" coveredmethods="36" conditionals="0" coveredconditionals="0" statements="66" coveredstatements="66" elements="102" coveredelements="102"/>
      </class>
      <line num="28" type="method" name="getContentHtml" visibility="public" complexity="3" crap="3" count="1"/>
      <line num="30" type="stmt" count="1"/>
      <line num="31" type="stmt" count="1"/>
      <line num="32" type="stmt" count="1"/>
      <line num="33" type="stmt" count="1"/>
      <line num="36" type="stmt" count="1"/>
      <line num="39" type="method" name="getId" visibility="public" complexity="1" crap="1" count="1"/>
      <line num="41" type="stmt" count="1"/>
      <line num="45" type="method" name="getName" visibility="public" complexity="1" crap="1" count="1"/>
      <line num="47" type="stmt" count="1"/>
      <line num="50" type="method" name="setName" visibility="public" complexity="1" crap="1" count="1"/>
      <line num="52" type="stmt" count="1"/>
      <line num="53" type="stmt" count="1"/>
      <line num="56" type="method" name="getSlug" visibility="public" complexity="1" crap="1" count="1"/>
      <line num="58" type="stmt" count="1"/>
      <line num="61" type="method" name="getTeaser" visibility="public" complexity="1" crap="1" count="1"/>
      <line num="63" type="stmt" count="1"/>
      <line num="66" type="method" name="setTeaser" visibility="public" complexity="1" crap="1" count="1"/>
      <line num="68" type="stmt" count="1"/>
      <line num="69" type="stmt" count="1"/>
      <line num="72" type="method" name="getImageId" visibility="public" complexity="1" crap="1" count="1"/>
      <line num="74" type="stmt" count="1"/>
      <line num="77" type="method" name="setImageId" visibility="public" complexity="1" crap="1" count="1"/>
      <line num="79" type="stmt" count="1"/>
      <line num="80" type="stmt" count="1"/>
      <line num="83" type="method" name="getAuthorUserId" visibility="public" complexity="1" crap="1" count="1"/>
      <line num="85" type="stmt" count="1"/>
      <line num="88" type="method" name="setAuthorUserId" visibility="public" complexity="1" crap="1" count="1"/>
      <line num="90" type="stmt" count="1"/>
      <line num="91" type="stmt" count="1"/>
      <line num="94" type="method" name="getCategoryId" visibility="public" complexity="1" crap="1" count="1"/>
      <line num="96" type="stmt" count="1"/>
      <line num="99" type="method" name="setCategoryId" visibility="public" complexity="1" crap="1" count="1"/>
      <line num="101" type="stmt" count="1"/>
      <line num="102" type="stmt" count="1"/>
      <line num="105" type="method" name="getIsPublic" visibility="public" complexity="1" crap="1" count="1"/>
      <line num="107" type="stmt" count="1"/>
      <line num="110" type="method" name="setIsPublic" visibility="public" complexity="1" crap="1" count="1"/>
      <line num="112" type="stmt" count="1"/>
      <line num="113" type="stmt" count="1"/>
      <line num="116" type="method" name="getKeywords" visibility="public" complexity="1" crap="1" count="1"/>
      <line num="118" type="stmt" count="1"/>
      <line num="121" type="method" name="setKeywords" visibility="public" complexity="1" crap="1" count="2"/>
      <line num="123" type="stmt" count="2"/>
      <line num="124" type="stmt" count="2"/>
      <line num="127" type="method" name="getPublishDate" visibility="public" complexity="1" crap="1" count="1"/>
      <line num="129" type="stmt" count="1"/>
      <line num="132" type="method" name="setPublishDate" visibility="public" complexity="1" crap="1" count="1"/>
      <line num="134" type="stmt" count="1"/>
      <line num="135" type="stmt" count="1"/>
      <line num="138" type="method" name="getInsertDate" visibility="public" complexity="1" crap="1" count="1"/>
      <line num="140" type="stmt" count="1"/>
      <line num="143" type="method" name="getUpdateDate" visibility="public" complexity="1" crap="1" count="1"/>
      <line num="145" type="stmt" count="1"/>
      <line num="148" type="method" name="setUpdateDate" visibility="public" complexity="1" crap="1" count="1"/>
      <line num="150" type="stmt" count="1"/>
      <line num="151" type="stmt" count="1"/>
      <line num="154" type="method" name="getDeleteDate" visibility="public" complexity="1" crap="1" count="1"/>
      <line num="156" type="stmt" count="1"/>
      <line num="159" type="method" name="setDeleteDate" visibility="public" complexity="1" crap="1" count="1"/>
      <line num="161" type="stmt" count="1"/>
      <line num="162" type="stmt" count="1"/>
      <line num="165" type="method" name="getArticleComment" visibility="public" complexity="1" crap="1" count="1"/>
      <line num="167" type="stmt" count="1"/>
      <line num="170" type="method" name="addArticleComment" visibility="public" complexity="1" crap="1" count="1"/>
      <line num="172" type="stmt" count="1"/>
      <line num="173" type="stmt" count="1"/>
      <line num="176" type="method" name="removeArticleComment" visibility="public" complexity="3" crap="3" count="1"/>
      <line num="178" type="stmt" count="1"/>
      <line num="179" type="stmt" count="1"/>
      <line num="180" type="stmt" count="1"/>
      <line num="183" type="stmt" count="1"/>
      <line num="186" type="method" name="getArticleContent" visibility="public" complexity="1" crap="1" count="2"/>
      <line num="188" type="stmt" count="2"/>
      <line num="191" type="method" name="addArticleContent" visibility="public" complexity="1" crap="1" count="2"/>
      <line num="193" type="stmt" count="2"/>
      <line num="194" type="stmt" count="2"/>
      <line num="197" type="method" name="removeArticleContent" visibility="public" complexity="3" crap="3" count="1"/>
      <line num="199" type="stmt" count="1"/>
      <line num="200" type="stmt" count="1"/>
      <line num="201" type="stmt" count="1"/>
      <line num="204" type="stmt" count="1"/>
      <line num="207" type="method" name="getArticleRating" visibility="public" complexity="1" crap="1" count="1"/>
      <line num="209" type="stmt" count="1"/>
      <line num="212" type="method" name="addArticleRating" visibility="public" complexity="1" crap="1" count="1"/>
      <line num="214" type="stmt" count="1"/>
      <line num="215" type="stmt" count="1"/>
      <line num="218" type="method" name="removeArticleRating" visibility="public" complexity="3" crap="3" count="1"/>
      <line num="220" type="stmt" count="1"/>
      <line num="221" type="stmt" count="1"/>
      <line num="222" type="stmt" count="1"/>
      <line num="225" type="stmt" count="1"/>
      <line num="228" type="method" name="getArticleStore" visibility="public" complexity="1" crap="1" count="1"/>
      <line num="230" type="stmt" count="1"/>
      <line num="233" type="method" name="addArticleStore" visibility="public" complexity="1" crap="1" count="1"/>
      <line num="235" type="stmt" count="1"/>
      <line num="236" type="stmt" count="1"/>
      <line num="239" type="method" name="removeArticleStore" visibility="public" complexity="3" crap="3" count="1"/>
      <line num="241" type="stmt" count="1"/>
      <line num="242" type="stmt" count="1"/>
      <line num="243" type="stmt" count="1"/>
      <line num="246" type="stmt" count="1"/>
      <line num="249" type="stmt" count="1"/>
      <metrics loc="248" ncloc="248" classes="1" methods="36" coveredmethods="36" conditionals="0" coveredconditionals="0" statements="66" coveredstatements="66" elements="102" coveredelements="102"/>
    </file>
    <file name="C:\xampp\htdocs\blua-blue-php-sdk\src\Category.php">
      <class name="BluaBlue\Category" namespace="global">
        <metrics complexity="2" methods="2" coveredmethods="2" conditionals="0" coveredconditionals="0" statements="2" coveredstatements="2" elements="4" coveredelements="4"/>
      </class>
      <line num="11" type="method" name="getName" visibility="public" complexity="1" crap="1" count="1"/>
      <line num="13" type="stmt" count="1"/>
      <line num="15" type="method" name="getId" visibility="public" complexity="1" crap="1" count="1"/>
      <line num="17" type="stmt" count="1"/>
      <line num="19" type="stmt" count="1"/>
      <metrics loc="18" ncloc="18" classes="1" methods="2" coveredmethods="2" conditionals="0" coveredconditionals="0" statements="2" coveredstatements="2" elements="4" coveredelements="4"/>
    </file>
    <file name="C:\xampp\htdocs\blua-blue-php-sdk\src\Client.php">
      <class name="BluaBlue\Client" namespace="global">
        <metrics complexity="27" methods="16" coveredmethods="13" conditionals="0" coveredconditionals="0" statements="57" coveredstatements="52" elements="73" coveredelements="65"/>
      </class>
      <line num="49" type="method" name="__construct" visibility="public" complexity="2" crap="2" count="9"/>
      <line num="51" type="stmt" count="9"/>
      <line num="52" type="stmt" count="9"/>
      <line num="53" type="stmt" count="9"/>
      <line num="54" type="stmt" count="9"/>
      <line num="55" type="stmt" count="9"/>
      <line num="58" type="stmt" count="9"/>
      <line num="59" type="stmt" count="8"/>
      <line num="61" type="stmt" count="9"/>
      <line num="62" type="stmt" count="9"/>
      <line num="68" type="method" name="getArticlesByKeywords" visibility="public" complexity="1" crap="1" count="1"/>
      <line num="70" type="stmt" count="1"/>
      <line num="76" type="method" name="getOwnArticles" visibility="public" complexity="1" crap="1" count="1"/>
      <line num="78" type="stmt" count="1"/>
      <line num="86" type="method" name="createArticle" visibility="public" complexity="2" crap="2" count="1"/>
      <line num="88" type="stmt" count="1"/>
      <line num="89" type="stmt" count="1"/>
      <line num="91" type="stmt" count="1"/>
      <line num="99" type="method" name="updateArticle" visibility="public" complexity="1" crap="1" count="1"/>
      <line num="101" type="stmt" count="1"/>
      <line num="110" type="method" name="getArticle" visibility="public" complexity="2" crap="2" count="1"/>
      <line num="112" type="stmt" count="1"/>
      <line num="113" type="stmt" count="1"/>
      <line num="114" type="stmt" count="1"/>
      <line num="120" type="method" name="getImages" visibility="public" complexity="2" crap="2" count="1"/>
      <line num="122" type="stmt" count="1"/>
      <line num="123" type="stmt" count="1"/>
      <line num="124" type="stmt" count="1"/>
      <line num="125" type="stmt" count="1"/>
      <line num="127" type="stmt" count="1"/>
      <line num="133" type="method" name="registerImage" visibility="public" complexity="1" crap="1" count="1"/>
      <line num="135" type="stmt" count="1"/>
      <line num="141" type="method" name="getCategories" visibility="public" complexity="2" crap="2" count="1"/>
      <line num="143" type="stmt" count="1"/>
      <line num="144" type="stmt" count="1"/>
      <line num="145" type="stmt" count="1"/>
      <line num="146" type="stmt" count="1"/>
      <line num="148" type="stmt" count="1"/>
      <line num="154" type="method" name="getToken" visibility="public" complexity="1" crap="1" count="2"/>
      <line num="156" type="stmt" count="2"/>
      <line num="162" type="method" name="setToken" visibility="public" complexity="1" crap="1" count="1"/>
      <line num="164" type="stmt" count="1"/>
      <line num="165" type="stmt" count="1"/>
      <line num="174" type="method" name="hasBodyWrapper" visibility="private" complexity="2" crap="2.15" count="3"/>
      <line num="176" type="stmt" count="3"/>
      <line num="177" type="stmt" count="3"/>
      <line num="178" type="stmt" count="3"/>
      <line num="181" type="stmt" count="3"/>
      <line num="182" type="stmt" count="0"/>
      <line num="183" type="stmt" count="0"/>
      <line num="192" type="method" name="getWrapper" visibility="private" complexity="2" crap="2.26" count="5"/>
      <line num="195" type="stmt" count="5"/>
      <line num="197" type="stmt" count="5"/>
      <line num="200" type="stmt" count="5"/>
      <line num="201" type="stmt" count="0"/>
      <line num="202" type="stmt" count="0"/>
      <line num="210" type="method" name="authenticate" visibility="public" complexity="4" crap="4.03" count="8"/>
      <line num="214" type="stmt" count="8"/>
      <line num="215" type="stmt" count="7"/>
      <line num="216" type="stmt" count="7"/>
      <line num="218" type="stmt" count="7"/>
      <line num="219" type="stmt" count="7"/>
      <line num="221" type="stmt" count="1"/>
      <line num="222" type="stmt" count="0"/>
      <line num="224" type="stmt" count="7"/>
      <line num="227" type="method" name="articleResults" visibility="private" complexity="2" crap="2" count="2"/>
      <line num="229" type="stmt" count="2"/>
      <line num="230" type="stmt" count="2"/>
      <line num="231" type="stmt" count="2"/>
      <line num="233" type="stmt" count="2"/>
      <line num="242" type="method" name="retrieveResult" visibility="private" complexity="1" crap="1" count="7"/>
      <line num="244" type="stmt" count="7"/>
      <line num="245" type="stmt" count="7"/>
      <line num="249" type="stmt" count="1"/>
      <metrics loc="248" ncloc="164" classes="1" methods="16" coveredmethods="13" conditionals="0" coveredconditionals="0" statements="57" coveredstatements="52" elements="73" coveredelements="65"/>
    </file>
    <file name="C:\xampp\htdocs\blua-blue-php-sdk\src\Helper.php">
      <class name="BluaBlue\Helper" namespace="global">
        <metrics complexity="6" methods="3" coveredmethods="3" conditionals="0" coveredconditionals="0" statements="10" coveredstatements="10" elements="13" coveredelements="13"/>
      </class>
      <line num="7" type="method" name="__construct" visibility="public" complexity="2" crap="2" count="12"/>
      <line num="9" type="stmt" count="12"/>
      <line num="10" type="stmt" count="8"/>
      <line num="12" type="stmt" count="12"/>
      <line num="14" type="method" name="generate" visibility="private" complexity="3" crap="3" count="8"/>
      <line num="16" type="stmt" count="8"/>
      <line num="17" type="stmt" count="8"/>
      <line num="18" type="stmt" count="7"/>
      <line num="21" type="stmt" count="8"/>
      <line num="22" type="method" name="toArray" visibility="public" complexity="1" crap="1" count="1"/>
      <line num="24" type="stmt" count="1"/>
      <line num="25" type="stmt" count="1"/>
      <line num="26" type="stmt" count="1"/>
      <line num="28" type="stmt" count="1"/>
      <metrics loc="27" ncloc="27" classes="1" methods="3" coveredmethods="3" conditionals="0" coveredconditionals="0" statements="10" coveredstatements="10" elements="13" coveredelements="13"/>
    </file>
    <file name="C:\xampp\htdocs\blua-blue-php-sdk\src\Image.php">
      <class name="BluaBlue\Image" namespace="global">
        <metrics complexity="6" methods="6" coveredmethods="6" conditionals="0" coveredconditionals="0" statements="8" coveredstatements="8" elements="14" coveredelements="14"/>
      </class>
      <line num="18" type="method" name="getId" visibility="public" complexity="1" crap="1" count="1"/>
      <line num="20" type="stmt" count="1"/>
      <line num="26" type="method" name="getFormat" visibility="public" complexity="1" crap="1" count="1"/>
      <line num="28" type="stmt" count="1"/>
      <line num="34" type="method" name="setFormat" visibility="public" complexity="1" crap="1" count="1"/>
      <line num="36" type="stmt" count="1"/>
      <line num="37" type="stmt" count="1"/>
      <line num="43" type="method" name="getPath" visibility="public" complexity="1" crap="1" count="1"/>
      <line num="45" type="stmt" count="1"/>
      <line num="51" type="method" name="setPath" visibility="public" complexity="1" crap="1" count="1"/>
      <line num="53" type="stmt" count="1"/>
      <line num="54" type="stmt" count="1"/>
      <line num="60" type="method" name="getInserterUserId" visibility="public" complexity="1" crap="1" count="1"/>
      <line num="62" type="stmt" count="1"/>
      <line num="65" type="stmt" count="1"/>
      <metrics loc="64" ncloc="46" classes="1" methods="6" coveredmethods="6" conditionals="0" coveredconditionals="0" statements="8" coveredstatements="8" elements="14" coveredelements="14"/>
    </file>
    <metrics files="5" loc="605" ncloc="503" classes="5" methods="63" coveredmethods="60" conditionals="0" coveredconditionals="0" statements="143" coveredstatements="138" elements="206" coveredelements="198"/>
  </project>
</coverage>
